<?xml version="1.0" encoding="utf-8"?><testsuites name="pytest tests"><testsuite name="pytest" errors="0" failures="0" skipped="0" tests="10" time="0.628" timestamp="2026-01-01T13:18:54.344563+00:00" hostname="agent-env-55dc6199-8065-4641-b601-1c688c8b52cb"><testcase classname="tests.test_accounts_dashboard_exports.TestAccountsDashboardOverview" name="test_dashboard_metrics_structure" time="0.091" /><testcase classname="tests.test_accounts_dashboard_exports.TestProfitLossReport" name="test_profit_loss_report_structure" time="0.078" /><testcase classname="tests.test_accounts_dashboard_exports.TestProfitLossReport" name="test_profit_loss_with_date_range" time="0.083" /><testcase classname="tests.test_accounts_dashboard_exports.TestGSTReport" name="test_gst_report_structure" time="0.037" /><testcase classname="tests.test_accounts_dashboard_exports.TestExportInvoices" name="test_export_invoices_excel" time="0.046" /><testcase classname="tests.test_accounts_dashboard_exports.TestExportInvoices" name="test_export_invoices_pdf" time="0.046" /><testcase classname="tests.test_accounts_dashboard_exports.TestExportProfitLoss" name="test_export_profit_loss_excel" time="0.038" /><testcase classname="tests.test_accounts_dashboard_exports.TestExportProfitLoss" name="test_export_profit_loss_pdf" time="0.044" /><testcase classname="tests.test_accounts_dashboard_exports.TestExportLedger" name="test_export_ledger_excel" time="0.043" /><testcase classname="tests.test_accounts_dashboard_exports.TestExportPayments" name="test_export_payments_excel" time="0.046" /></testsuite></testsuites>