<?xml version="1.0" encoding="utf-8"?><testsuites name="pytest tests"><testsuite name="pytest" errors="0" failures="0" skipped="0" tests="23" time="1.831" timestamp="2026-01-01T13:18:15.507579+00:00" hostname="agent-env-55dc6199-8065-4641-b601-1c688c8b52cb"><testcase classname="tests.test_accounts_attendance.TestAccountsDashboard" name="test_get_accounts_dashboard" time="0.057" /><testcase classname="tests.test_accounts_attendance.TestInvoiceManagement" name="test_get_invoices" time="0.034" /><testcase classname="tests.test_accounts_attendance.TestInvoiceManagement" name="test_create_invoice_with_gst_calculation" time="0.077" /><testcase classname="tests.test_accounts_attendance.TestInvoiceManagement" name="test_create_interstate_invoice_with_igst" time="0.071" /><testcase classname="tests.test_accounts_attendance.TestInvoiceManagement" name="test_get_invoices_by_status" time="0.032" /><testcase classname="tests.test_accounts_attendance.TestInvoiceManagement" name="test_get_invoice_by_id" time="0.072" /><testcase classname="tests.test_accounts_attendance.TestInvoiceManagement" name="test_get_invoice_not_found" time="0.034" /><testcase classname="tests.test_accounts_attendance.TestPaymentRecording" name="test_record_partial_payment" time="0.115" /><testcase classname="tests.test_accounts_attendance.TestPaymentRecording" name="test_record_full_payment" time="0.107" /><testcase classname="tests.test_accounts_attendance.TestGSTReport" name="test_get_gst_report" time="0.036" /><testcase classname="tests.test_accounts_attendance.TestLedger" name="test_get_ledger_entries" time="0.035" /><testcase classname="tests.test_accounts_attendance.TestLeadStatusUpdate" name="test_update_lead_status_workflow" time="0.357" /><testcase classname="tests.test_accounts_attendance.TestLeadStatusUpdate" name="test_update_lead_status_to_lost" time="0.079" /><testcase classname="tests.test_accounts_attendance.TestLeadStatusUpdate" name="test_invalid_lead_status" time="0.106" /><testcase classname="tests.test_accounts_attendance.TestLeadStatusUpdate" name="test_update_nonexistent_lead" time="0.038" /><testcase classname="tests.test_accounts_attendance.TestAttendanceTracking" name="test_mark_attendance" time="0.067" /><testcase classname="tests.test_accounts_attendance.TestAttendanceTracking" name="test_update_existing_attendance" time="0.111" /><testcase classname="tests.test_accounts_attendance.TestAttendanceTracking" name="test_mark_half_day" time="0.068" /><testcase classname="tests.test_accounts_attendance.TestAttendanceTracking" name="test_mark_leave" time="0.069" /><testcase classname="tests.test_accounts_attendance.TestAttendanceTracking" name="test_get_attendance_records" time="0.034" /><testcase classname="tests.test_accounts_attendance.TestAttendanceTracking" name="test_get_attendance_by_employee" time="0.070" /><testcase classname="tests.test_accounts_attendance.TestAttendanceTracking" name="test_get_attendance_by_date" time="0.038" /><testcase classname="tests.test_accounts_attendance.TestAttendanceTracking" name="test_get_attendance_summary" time="0.037" /></testsuite></testsuites>