<?xml version="1.0" encoding="utf-8"?><testsuites name="pytest tests"><testsuite name="pytest" errors="0" failures="0" skipped="0" tests="11" time="0.597" timestamp="2026-01-01T13:43:29.140577+00:00" hostname="agent-env-55dc6199-8065-4641-b601-1c688c8b52cb"><testcase classname="tests.test_admin_charts.TestRevenueChartAPI" name="test_get_revenue_chart_default" time="0.078" /><testcase classname="tests.test_admin_charts.TestRevenueChartAPI" name="test_get_revenue_chart_custom_months" time="0.044" /><testcase classname="tests.test_admin_charts.TestRevenueChartAPI" name="test_revenue_chart_data_types" time="0.044" /><testcase classname="tests.test_admin_charts.TestProductionChartAPI" name="test_get_production_chart" time="0.039" /><testcase classname="tests.test_admin_charts.TestProductionChartAPI" name="test_production_chart_stage_names" time="0.082" /><testcase classname="tests.test_admin_charts.TestExpenseChartAPI" name="test_get_expense_chart" time="0.041" /><testcase classname="tests.test_admin_charts.TestExpenseChartAPI" name="test_expense_chart_categories" time="0.035" /><testcase classname="tests.test_admin_charts.TestTopCustomersChartAPI" name="test_get_top_customers" time="0.042" /><testcase classname="tests.test_admin_charts.TestTopCustomersChartAPI" name="test_top_customers_sorted_by_revenue" time="0.038" /><testcase classname="tests.test_admin_charts.TestAdminDashboardMetrics" name="test_get_dashboard_metrics" time="0.045" /><testcase classname="tests.test_admin_charts.TestNotificationsModule" name="test_notifications_module_exists" time="0.043" /></testsuite></testsuites>