<?xml version="1.0" encoding="utf-8"?><testsuites name="pytest tests"><testsuite name="pytest" errors="0" failures="0" skipped="0" tests="10" time="3.162" timestamp="2026-01-02T06:07:13.605898+00:00" hostname="agent-env-80de18bc-10f0-41fa-a3c0-9a49f6bdc9d9"><testcase classname="tests.test_advance_settings.TestAdvanceSettingsAPI" name="test_get_advance_settings_success" time="0.305" /><testcase classname="tests.test_advance_settings.TestAdvanceSettingsAPI" name="test_put_advance_settings_success" time="0.341" /><testcase classname="tests.test_advance_settings.TestAdvanceSettingsAPI" name="test_put_advance_settings_validation_negative_value" time="0.285" /><testcase classname="tests.test_advance_settings.TestAdvanceSettingsAPI" name="test_put_advance_settings_validation_invalid_percent" time="0.273" /><testcase classname="tests.test_advance_settings.TestAdvanceSettingsAPI" name="test_validate_order_advance_below_threshold" time="0.361" /><testcase classname="tests.test_advance_settings.TestAdvanceSettingsAPI" name="test_validate_order_advance_mid_range" time="0.347" /><testcase classname="tests.test_advance_settings.TestAdvanceSettingsAPI" name="test_validate_order_advance_high_value" time="0.268" /><testcase classname="tests.test_advance_settings.TestAdvanceSettingsAPI" name="test_get_settings_without_auth" time="0.304" /><testcase classname="tests.test_advance_settings.TestAdvanceSettingsAPI" name="test_put_settings_without_auth" time="0.295" /><testcase classname="tests.test_advance_settings.TestAdvanceSettingsRoleAccess" name="test_customer_cannot_update_settings" time="0.311" /></testsuite></testsuites>