<?xml version="1.0" encoding="utf-8"?><testsuites name="pytest tests"><testsuite name="pytest" errors="0" failures="0" skipped="0" tests="23" time="0.878" timestamp="2026-01-01T16:31:42.372665+00:00" hostname="agent-env-c7113736-6e2b-42a7-9812-96563ccf22cb"><testcase classname="tests.test_assets_holidays_expenses.TestAssetTypes" name="test_get_asset_types" time="0.337" /><testcase classname="tests.test_assets_holidays_expenses.TestOwnedAssets" name="test_get_owned_assets" time="0.013" /><testcase classname="tests.test_assets_holidays_expenses.TestOwnedAssets" name="test_create_owned_asset" time="0.015" /><testcase classname="tests.test_assets_holidays_expenses.TestOwnedAssets" name="test_get_owned_asset_by_id" time="0.021" /><testcase classname="tests.test_assets_holidays_expenses.TestRentedAssets" name="test_get_rented_assets" time="0.011" /><testcase classname="tests.test_assets_holidays_expenses.TestRentedAssets" name="test_create_rented_asset" time="0.053" /><testcase classname="tests.test_assets_holidays_expenses.TestAssetHandover" name="test_get_handover_requests" time="0.011" /><testcase classname="tests.test_assets_holidays_expenses.TestAssetReports" name="test_get_asset_register" time="0.013" /><testcase classname="tests.test_assets_holidays_expenses.TestAssetReports" name="test_get_depreciation_report" time="0.010" /><testcase classname="tests.test_assets_holidays_expenses.TestAssetReports" name="test_get_rent_liability" time="0.010" /><testcase classname="tests.test_assets_holidays_expenses.TestHolidayTypes" name="test_get_holiday_types" time="0.010" /><testcase classname="tests.test_assets_holidays_expenses.TestHolidaySettings" name="test_get_holiday_settings" time="0.050" /><testcase classname="tests.test_assets_holidays_expenses.TestHolidays" name="test_get_holidays" time="0.010" /><testcase classname="tests.test_assets_holidays_expenses.TestHolidays" name="test_create_holiday" time="0.012" /><testcase classname="tests.test_assets_holidays_expenses.TestHolidays" name="test_get_year_calendar" time="0.016" /><testcase classname="tests.test_assets_holidays_expenses.TestOvertime" name="test_get_overtime_records" time="0.052" /><testcase classname="tests.test_assets_holidays_expenses.TestExpenseCategories" name="test_get_expense_categories" time="0.009" /><testcase classname="tests.test_assets_holidays_expenses.TestExpenseSettings" name="test_get_expense_settings" time="0.010" /><testcase classname="tests.test_assets_holidays_expenses.TestExpenseEntries" name="test_get_expense_entries" time="0.012" /><testcase classname="tests.test_assets_holidays_expenses.TestExpenseEntries" name="test_create_expense_entry" time="0.075" /><testcase classname="tests.test_assets_holidays_expenses.TestExpenseDashboard" name="test_get_expense_dashboard" time="0.013" /><testcase classname="tests.test_assets_holidays_expenses.TestExpenseReports" name="test_get_variance_report" time="0.010" /><testcase classname="tests.test_assets_holidays_expenses.TestExpenseReports" name="test_get_cash_flow_report" time="0.012" /></testsuite></testsuites>