<?xml version="1.0" encoding="utf-8"?><testsuites name="pytest tests"><testsuite name="pytest" errors="0" failures="1" skipped="0" tests="19" time="2.592" timestamp="2026-01-02T07:58:39.511339+00:00" hostname="agent-env-a9681a82-f143-4556-9182-2c0b53569747"><testcase classname="tests.test_cart_forecast_cms.TestProducts" name="test_get_products" time="0.074" /><testcase classname="tests.test_cart_forecast_cms.TestAIForecast" name="test_get_order_stats" time="0.300" /><testcase classname="tests.test_cart_forecast_cms.TestAIForecast" name="test_get_demand_forecast" time="0.039" /><testcase classname="tests.test_cart_forecast_cms.TestAIForecast" name="test_forecast_unauthorized" time="0.040"><failure message="AssertionError: Expected 401/403, got 200&#10;assert 200 in [401, 403]&#10; +  where 200 = &lt;Response [200]&gt;.status_code">tests/test_cart_forecast_cms.py:103: in test_forecast_unauthorized
    assert response.status_code in [401, 403], f"Expected 401/403, got {response.status_code}"
E   AssertionError: Expected 401/403, got 200
E   assert 200 in [401, 403]
E    +  where 200 = &lt;Response [200]&gt;.status_code</failure></testcase><testcase classname="tests.test_cart_forecast_cms.TestCMSPages" name="test_get_pages" time="0.301" /><testcase classname="tests.test_cart_forecast_cms.TestCMSPages" name="test_create_page" time="0.108" /><testcase classname="tests.test_cart_forecast_cms.TestCMSPages" name="test_delete_page" time="0.040" /><testcase classname="tests.test_cart_forecast_cms.TestCMSBanners" name="test_get_banners" time="0.303" /><testcase classname="tests.test_cart_forecast_cms.TestCMSBanners" name="test_create_banner" time="0.036" /><testcase classname="tests.test_cart_forecast_cms.TestCMSBanners" name="test_delete_banner" time="0.077" /><testcase classname="tests.test_cart_forecast_cms.TestCMSMenu" name="test_get_menu" time="0.301" /><testcase classname="tests.test_cart_forecast_cms.TestCMSMenu" name="test_create_menu_item" time="0.037" /><testcase classname="tests.test_cart_forecast_cms.TestCMSMenu" name="test_delete_menu_item" time="0.080" /><testcase classname="tests.test_cart_forecast_cms.TestCMSBlog" name="test_get_blog_posts" time="0.298" /><testcase classname="tests.test_cart_forecast_cms.TestCMSBlog" name="test_create_blog_post" time="0.039" /><testcase classname="tests.test_cart_forecast_cms.TestCMSBlog" name="test_delete_blog_post" time="0.039" /><testcase classname="tests.test_cart_forecast_cms.TestCMSContactInfo" name="test_get_contact_info_public" time="0.038" /><testcase classname="tests.test_cart_forecast_cms.TestCMSContactInfo" name="test_update_contact_info" time="0.297" /><testcase classname="tests.test_cart_forecast_cms.TestCMSSitemap" name="test_get_sitemap" time="0.041" /></testsuite></testsuites>