<?xml version="1.0" encoding="utf-8"?><testsuites name="pytest tests"><testsuite name="pytest" errors="0" failures="0" skipped="0" tests="12" time="3.460" timestamp="2026-01-02T10:54:02.025543+00:00" hostname="agent-env-766e308e-427d-4236-a977-e8e3aee26d21"><testcase classname="tests.test_color_and_order_features.TestProductConfig" name="test_config_all_returns_colors" time="0.073" /><testcase classname="tests.test_color_and_order_features.TestProductConfig" name="test_config_all_returns_thickness_options" time="0.042" /><testcase classname="tests.test_color_and_order_features.TestProductConfig" name="test_color_price_multipliers" time="0.083" /><testcase classname="tests.test_color_and_order_features.TestOrderCreation" name="test_order_with_override_total_50_percent" time="0.632" /><testcase classname="tests.test_color_and_order_features.TestOrderCreation" name="test_order_with_override_total_25_percent" time="0.653" /><testcase classname="tests.test_color_and_order_features.TestOrderCreation" name="test_order_with_override_total_100_percent" time="0.685" /><testcase classname="tests.test_color_and_order_features.TestOrderCreation" name="test_order_with_color_in_notes" time="0.633" /><testcase classname="tests.test_color_and_order_features.TestPriceCalculation" name="test_price_calculation" time="0.112" /><testcase classname="tests.test_color_and_order_features.TestPriceCalculation" name="test_price_calculation_multiple_quantity" time="0.102" /><testcase classname="tests.test_color_and_order_features.TestAdvanceSettings" name="test_validate_order_advance_options" time="0.291" /><testcase classname="tests.test_color_and_order_features.TestProducts" name="test_get_products" time="0.035" /><testcase classname="tests.test_color_and_order_features.TestProducts" name="test_product_has_thickness_options" time="0.039" /></testsuite></testsuites>