<?xml version="1.0" encoding="utf-8"?><testsuites name="pytest tests"><testsuite name="pytest" errors="0" failures="0" skipped="0" tests="30" time="7.206" timestamp="2026-01-02T09:39:35.098315+00:00" hostname="agent-env-a9681a82-f143-4556-9182-2c0b53569747"><testcase classname="tests.test_complete_feature_verification.TestAuthentication" name="test_customer_login" time="0.281" /><testcase classname="tests.test_complete_feature_verification.TestAuthentication" name="test_admin_login" time="0.262" /><testcase classname="tests.test_complete_feature_verification.TestCustomerDashboard" name="test_get_profile" time="0.307" /><testcase classname="tests.test_complete_feature_verification.TestCustomerDashboard" name="test_update_profile" time="0.301" /><testcase classname="tests.test_complete_feature_verification.TestCustomerDashboard" name="test_get_my_orders" time="0.303" /><testcase classname="tests.test_complete_feature_verification.TestCustomizePage" name="test_get_products" time="0.038" /><testcase classname="tests.test_complete_feature_verification.TestCustomizePage" name="test_calculate_price" time="0.332" /><testcase classname="tests.test_complete_feature_verification.TestCustomizePage" name="test_advance_payment_options" time="0.300" /><testcase classname="tests.test_complete_feature_verification.TestShoppingCart" name="test_get_cart" time="0.297" /><testcase classname="tests.test_complete_feature_verification.TestAIChatWidget" name="test_chat_endpoint" time="0.039" /><testcase classname="tests.test_complete_feature_verification.TestForecastDashboard" name="test_get_forecast_stats" time="0.306" /><testcase classname="tests.test_complete_feature_verification.TestForecastDashboard" name="test_generate_forecast" time="0.334" /><testcase classname="tests.test_complete_feature_verification.TestCMSDashboard" name="test_get_cms_pages" time="0.340" /><testcase classname="tests.test_complete_feature_verification.TestCMSDashboard" name="test_get_cms_banners" time="0.297" /><testcase classname="tests.test_complete_feature_verification.TestCMSDashboard" name="test_get_cms_menu" time="0.340" /><testcase classname="tests.test_complete_feature_verification.TestCMSDashboard" name="test_get_cms_contact" time="0.295" /><testcase classname="tests.test_complete_feature_verification.TestPublicBlog" name="test_get_blog_posts" time="0.077" /><testcase classname="tests.test_complete_feature_verification.TestPublicBlog" name="test_get_blog_categories" time="0.033" /><testcase classname="tests.test_complete_feature_verification.TestPaymentSettings" name="test_get_advance_settings" time="0.335" /><testcase classname="tests.test_complete_feature_verification.TestPaymentSettings" name="test_update_advance_settings" time="0.312" /><testcase classname="tests.test_complete_feature_verification.TestPDFGeneration" name="test_generate_cash_daybook" time="0.295" /><testcase classname="tests.test_complete_feature_verification.TestRazorpayPayment" name="test_razorpay_key_configured" time="0.000" /><testcase classname="tests.test_complete_feature_verification.TestERPDashboards" name="test_erp_dashboard_stats" time="0.377" /><testcase classname="tests.test_complete_feature_verification.TestERPDashboards" name="test_erp_orders" time="0.297" /><testcase classname="tests.test_complete_feature_verification.TestERPDashboards" name="test_erp_inventory" time="0.337" /><testcase classname="tests.test_complete_feature_verification.TestERPDashboards" name="test_erp_employees" time="0.296" /><testcase classname="tests.test_complete_feature_verification.TestERPDashboards" name="test_erp_customers" time="0.300" /><testcase classname="tests.test_complete_feature_verification.TestWebsitePages" name="test_homepage_loads" time="0.037" /><testcase classname="tests.test_complete_feature_verification.TestWebsitePages" name="test_products_api" time="0.038" /><testcase classname="tests.test_complete_feature_verification.TestWebsitePages" name="test_contact_form" time="0.036" /></testsuite></testsuites>