<?xml version="1.0" encoding="utf-8"?><testsuites name="pytest tests"><testsuite name="pytest" errors="0" failures="0" skipped="0" tests="10" time="2.228" timestamp="2026-01-02T09:05:50.842243+00:00" hostname="agent-env-a9681a82-f143-4556-9182-2c0b53569747"><testcase classname="tests.test_customer_dashboard_profile.TestProfileAPI" name="test_customer_login" time="0.287" /><testcase classname="tests.test_customer_dashboard_profile.TestProfileAPI" name="test_get_profile" time="0.311" /><testcase classname="tests.test_customer_dashboard_profile.TestProfileAPI" name="test_update_profile" time="0.284" /><testcase classname="tests.test_customer_dashboard_profile.TestProfileAPI" name="test_update_profile_partial" time="0.312" /><testcase classname="tests.test_customer_dashboard_profile.TestProfileAPI" name="test_profile_without_auth" time="0.047" /><testcase classname="tests.test_customer_dashboard_profile.TestOrdersAPI" name="test_get_products" time="0.036" /><testcase classname="tests.test_customer_dashboard_profile.TestOrdersAPI" name="test_calculate_price" time="0.087" /><testcase classname="tests.test_customer_dashboard_profile.TestOrdersAPI" name="test_get_my_orders" time="0.274" /><testcase classname="tests.test_customer_dashboard_profile.TestOrdersAPI" name="test_advance_settings_validate" time="0.268" /><testcase classname="tests.test_customer_dashboard_profile.TestAuthMe" name="test_auth_me" time="0.272" /></testsuite></testsuites>