<?xml version="1.0" encoding="utf-8"?><testsuites name="pytest tests"><testsuite name="pytest" errors="0" failures="0" skipped="0" tests="16" time="7.837" timestamp="2026-01-03T09:34:18.905800+00:00" hostname="agent-env-b3a8c8ac-d446-4b93-a1d5-a1e45abfcb29"><testcase classname="tests.test_customer_master_integration.TestCustomerMasterIntegration" name="test_customer_search_by_name" time="0.524" /><testcase classname="tests.test_customer_master_integration.TestCustomerMasterIntegration" name="test_customer_search_by_mobile" time="0.521" /><testcase classname="tests.test_customer_master_integration.TestCustomerMasterIntegration" name="test_customer_search_by_gstin" time="0.515" /><testcase classname="tests.test_customer_master_integration.TestCustomerMasterIntegration" name="test_customer_search_returns_credit_info" time="0.543" /><testcase classname="tests.test_customer_master_integration.TestCustomerMasterIntegration" name="test_customer_search_returns_billing_address" time="0.546" /><testcase classname="tests.test_customer_master_integration.TestCustomerMasterIntegration" name="test_customer_profile_details" time="0.547" /><testcase classname="tests.test_customer_master_integration.TestCustomerMasterIntegration" name="test_customer_profile_linked_data" time="0.509" /><testcase classname="tests.test_customer_master_integration.TestCustomerMasterIntegration" name="test_order_creation_with_customer_profile_id" time="0.563" /><testcase classname="tests.test_customer_master_integration.TestCustomerMasterIntegration" name="test_order_creation_applies_credit_terms" time="0.507" /><testcase classname="tests.test_customer_master_integration.TestCustomerMasterIntegration" name="test_erp_order_creation_with_customer_profile" time="0.557" /><testcase classname="tests.test_customer_master_integration.TestCustomerMasterIntegration" name="test_customer_master_list" time="0.515" /><testcase classname="tests.test_customer_master_integration.TestCustomerMasterIntegration" name="test_customer_master_stats" time="0.538" /><testcase classname="tests.test_customer_master_integration.TestCustomerMasterIntegration" name="test_customer_portal_profile_endpoint" time="0.529" /><testcase classname="tests.test_customer_master_integration.TestCustomerSearchComponent" name="test_search_minimum_query_length" time="0.311" /><testcase classname="tests.test_customer_master_integration.TestCustomerSearchComponent" name="test_search_returns_b2b_b2c_type" time="0.264" /><testcase classname="tests.test_customer_master_integration.TestCustomerSearchComponent" name="test_search_returns_gstin_for_b2b" time="0.269" /></testsuite></testsuites>