<?xml version="1.0" encoding="utf-8"?><testsuites name="pytest tests"><testsuite name="pytest" errors="0" failures="0" skipped="0" tests="16" time="7.962" timestamp="2026-01-04T07:45:51.849036+00:00" hostname="agent-env-6f330d02-9a76-4f3e-816b-a957f3e5a306"><testcase classname="tests.test_customer_master_integration.TestCustomerMasterIntegration" name="test_customer_search_by_name" time="0.532" /><testcase classname="tests.test_customer_master_integration.TestCustomerMasterIntegration" name="test_customer_search_by_mobile" time="0.512" /><testcase classname="tests.test_customer_master_integration.TestCustomerMasterIntegration" name="test_customer_search_by_gstin" time="0.547" /><testcase classname="tests.test_customer_master_integration.TestCustomerMasterIntegration" name="test_customer_search_returns_credit_info" time="0.505" /><testcase classname="tests.test_customer_master_integration.TestCustomerMasterIntegration" name="test_customer_search_returns_billing_address" time="0.503" /><testcase classname="tests.test_customer_master_integration.TestCustomerMasterIntegration" name="test_customer_profile_details" time="0.579" /><testcase classname="tests.test_customer_master_integration.TestCustomerMasterIntegration" name="test_customer_profile_linked_data" time="0.560" /><testcase classname="tests.test_customer_master_integration.TestCustomerMasterIntegration" name="test_order_creation_with_customer_profile_id" time="0.537" /><testcase classname="tests.test_customer_master_integration.TestCustomerMasterIntegration" name="test_order_creation_applies_credit_terms" time="0.567" /><testcase classname="tests.test_customer_master_integration.TestCustomerMasterIntegration" name="test_erp_order_creation_with_customer_profile" time="0.567" /><testcase classname="tests.test_customer_master_integration.TestCustomerMasterIntegration" name="test_customer_master_list" time="0.527" /><testcase classname="tests.test_customer_master_integration.TestCustomerMasterIntegration" name="test_customer_master_stats" time="0.507" /><testcase classname="tests.test_customer_master_integration.TestCustomerMasterIntegration" name="test_customer_portal_profile_endpoint" time="0.582" /><testcase classname="tests.test_customer_master_integration.TestCustomerSearchComponent" name="test_search_minimum_query_length" time="0.271" /><testcase classname="tests.test_customer_master_integration.TestCustomerSearchComponent" name="test_search_returns_b2b_b2c_type" time="0.269" /><testcase classname="tests.test_customer_master_integration.TestCustomerSearchComponent" name="test_search_returns_gstin_for_b2b" time="0.272" /></testsuite></testsuites>