<?xml version="1.0" encoding="utf-8"?><testsuites name="pytest tests"><testsuite name="pytest" errors="0" failures="0" skipped="0" tests="9" time="2.830" timestamp="2026-01-04T07:00:48.681712+00:00" hostname="agent-env-b3a8c8ac-d446-4b93-a1d5-a1e45abfcb29"><testcase classname="tests.test_customer_profile_gst.TestCustomerProfileAuthorization" name="test_customer_login" time="0.287" /><testcase classname="tests.test_customer_profile_gst.TestCustomerProfileAuthorization" name="test_customer_can_get_own_profile" time="0.294" /><testcase classname="tests.test_customer_profile_gst.TestCustomerProfileAuthorization" name="test_customer_can_update_own_profile_no_auth_error" time="0.333" /><testcase classname="tests.test_customer_profile_gst.TestGSTCheckboxLogic" name="test_admin_login" time="0.259" /><testcase classname="tests.test_customer_profile_gst.TestGSTCheckboxLogic" name="test_needs_gst_invoice_sets_b2b" time="0.370" /><testcase classname="tests.test_customer_profile_gst.TestGSTCheckboxLogic" name="test_company_type_always_b2b" time="0.324" /><testcase classname="tests.test_customer_profile_gst.TestGSTCheckboxLogic" name="test_individual_without_gst_is_b2c" time="0.282" /><testcase classname="tests.test_customer_profile_gst.TestGSTCheckboxLogic" name="test_update_needs_gst_invoice_changes_invoice_type" time="0.340" /><testcase classname="tests.test_customer_profile_gst.TestCustomerMasterStates" name="test_get_states" time="0.273" /></testsuite></testsuites>