<?xml version="1.0" encoding="utf-8"?><testsuites name="pytest tests"><testsuite name="pytest" errors="0" failures="0" skipped="0" tests="11" time="3.598" timestamp="2026-01-02T06:24:59.710191+00:00" hostname="agent-env-80de18bc-10f0-41fa-a3c0-9a49f6bdc9d9"><testcase classname="tests.test_daily_reports.TestDailyReportsAPI" name="test_get_report_settings_success" time="0.354" /><testcase classname="tests.test_daily_reports.TestDailyReportsAPI" name="test_get_report_settings_unauthorized" time="0.297" /><testcase classname="tests.test_daily_reports.TestDailyReportsAPI" name="test_update_report_settings_success" time="0.349" /><testcase classname="tests.test_daily_reports.TestDailyReportsAPI" name="test_update_report_settings_toggle_email" time="0.417" /><testcase classname="tests.test_daily_reports.TestDailyReportsAPI" name="test_update_report_settings_toggle_whatsapp" time="0.340" /><testcase classname="tests.test_daily_reports.TestDailyReportsAPI" name="test_update_report_settings_change_time" time="0.376" /><testcase classname="tests.test_daily_reports.TestDailyReportsAPI" name="test_send_daily_report_success" time="0.271" /><testcase classname="tests.test_daily_reports.TestDailyReportsAPI" name="test_send_daily_report_unauthorized" time="0.301" /><testcase classname="tests.test_daily_reports.TestDailyReportsAPI" name="test_get_report_logs_success" time="0.267" /><testcase classname="tests.test_daily_reports.TestDailyReportsAPI" name="test_get_report_logs_unauthorized" time="0.295" /><testcase classname="tests.test_daily_reports.TestDailyReportsRoleAccess" name="test_non_admin_cannot_access_report_settings" time="0.267" /></testsuite></testsuites>