<?xml version="1.0" encoding="utf-8"?><testsuites name="pytest tests"><testsuite name="pytest" errors="0" failures="0" skipped="0" tests="33" time="1.098" timestamp="2026-01-01T15:56:09.219008+00:00" hostname="agent-env-450ca6c5-0ffb-438d-8815-ea6279772700"><testcase classname="tests.test_erp_modules.TestExpenseCategories" name="test_get_expense_categories" time="0.290" /><testcase classname="tests.test_erp_modules.TestExpenseCategories" name="test_expense_categories_have_required_fields" time="0.012" /><testcase classname="tests.test_erp_modules.TestExpenseSettings" name="test_get_expense_settings" time="0.013" /><testcase classname="tests.test_erp_modules.TestExpenseDashboard" name="test_get_expense_dashboard" time="0.011" /><testcase classname="tests.test_erp_modules.TestExpenseDashboard" name="test_dashboard_category_breakdown" time="0.013" /><testcase classname="tests.test_erp_modules.TestExpenseDashboard" name="test_dashboard_department_breakdown" time="0.012" /><testcase classname="tests.test_erp_modules.TestExpenseEntries" name="test_create_expense_entry" time="0.051" /><testcase classname="tests.test_erp_modules.TestExpenseEntries" name="test_create_expense_invalid_amount" time="0.010" /><testcase classname="tests.test_erp_modules.TestExpenseEntries" name="test_get_expense_entries" time="0.009" /><testcase classname="tests.test_erp_modules.TestExpenseEntries" name="test_get_expense_entries_with_filter" time="0.009" /><testcase classname="tests.test_erp_modules.TestExpenseApproval" name="test_approve_expense_entry" time="0.009" /><testcase classname="tests.test_erp_modules.TestExpenseApproval" name="test_approve_nonexistent_entry" time="0.049" /><testcase classname="tests.test_erp_modules.TestAssetTypes" name="test_get_asset_types" time="0.009" /><testcase classname="tests.test_erp_modules.TestOwnedAssets" name="test_create_owned_asset" time="0.009" /><testcase classname="tests.test_erp_modules.TestOwnedAssets" name="test_create_owned_asset_wdv_depreciation" time="0.049" /><testcase classname="tests.test_erp_modules.TestOwnedAssets" name="test_get_owned_assets" time="0.010" /><testcase classname="tests.test_erp_modules.TestOwnedAssets" name="test_get_owned_assets_with_filter" time="0.012" /><testcase classname="tests.test_erp_modules.TestRentedAssets" name="test_create_rented_asset" time="0.050" /><testcase classname="tests.test_erp_modules.TestRentedAssets" name="test_get_rented_assets" time="0.009" /><testcase classname="tests.test_erp_modules.TestAssetHandover" name="test_create_handover_request" time="0.017" /><testcase classname="tests.test_erp_modules.TestAssetHandover" name="test_get_handover_requests" time="0.010" /><testcase classname="tests.test_erp_modules.TestAssetReports" name="test_get_asset_register" time="0.011" /><testcase classname="tests.test_erp_modules.TestHolidayTypes" name="test_get_holiday_types" time="0.010" /><testcase classname="tests.test_erp_modules.TestHolidaySettings" name="test_get_holiday_settings" time="0.050" /><testcase classname="tests.test_erp_modules.TestHolidayCalendar" name="test_create_holiday" time="0.052" /><testcase classname="tests.test_erp_modules.TestHolidayCalendar" name="test_get_holidays" time="0.021" /><testcase classname="tests.test_erp_modules.TestHolidayCalendar" name="test_get_year_calendar" time="0.019" /><testcase classname="tests.test_erp_modules.TestHolidayCalendar" name="test_calendar_month_structure" time="0.016" /><testcase classname="tests.test_erp_modules.TestSalaryImpact" name="test_get_salary_impact" time="0.059" /><testcase classname="tests.test_erp_modules.TestSalaryImpact" name="test_salary_impact_nonexistent_employee" time="0.010" /><testcase classname="tests.test_erp_modules.TestExpenseAssetIntegration" name="test_expense_entry_persists" time="0.061" /><testcase classname="tests.test_erp_modules.TestDepreciationCalculation" name="test_straight_line_depreciation" time="0.009" /><testcase classname="tests.test_erp_modules.TestDepreciationCalculation" name="test_wdv_depreciation" time="0.009" /></testsuite></testsuites>