<?xml version="1.0" encoding="utf-8"?><testsuites name="pytest tests"><testsuite name="pytest" errors="0" failures="0" skipped="0" tests="28" time="1.887" timestamp="2026-01-04T10:10:49.382614+00:00" hostname="agent-env-6f330d02-9a76-4f3e-816b-a957f3e5a306"><testcase classname="tests.test_glass_configurator_3d.TestGlassPricingAPI" name="test_pricing_endpoint_returns_200" time="0.330" /><testcase classname="tests.test_glass_configurator_3d.TestGlassPricingAPI" name="test_pricing_has_glass_types" time="0.039" /><testcase classname="tests.test_glass_configurator_3d.TestGlassPricingAPI" name="test_pricing_has_thickness_options" time="0.045" /><testcase classname="tests.test_glass_configurator_3d.TestGlassPricingAPI" name="test_pricing_has_colors" time="0.037" /><testcase classname="tests.test_glass_configurator_3d.TestGlassPricingAPI" name="test_pricing_has_applications" time="0.038" /><testcase classname="tests.test_glass_configurator_3d.TestGlassPricingAPI" name="test_pricing_has_hole_cutout_pricing" time="0.039" /><testcase classname="tests.test_glass_configurator_3d.TestGlassPricingAPI" name="test_pricing_has_transport_rates" time="0.038" /><testcase classname="tests.test_glass_configurator_3d.TestPriceCalculationAPI" name="test_basic_price_calculation" time="0.037" /><testcase classname="tests.test_glass_configurator_3d.TestPriceCalculationAPI" name="test_price_calculation_with_thickness_multiplier" time="0.056" /><testcase classname="tests.test_glass_configurator_3d.TestPriceCalculationAPI" name="test_price_calculation_with_color_percentage" time="0.056" /><testcase classname="tests.test_glass_configurator_3d.TestPriceCalculationAPI" name="test_price_calculation_with_holes" time="0.090" /><testcase classname="tests.test_glass_configurator_3d.TestPriceCalculationAPI" name="test_price_calculation_with_transport" time="0.045" /><testcase classname="tests.test_glass_configurator_3d.TestPriceCalculationAPI" name="test_price_calculation_with_quantity" time="0.046" /><testcase classname="tests.test_glass_configurator_3d.TestQuotationAPI" name="test_create_quotation_7_days" time="0.044" /><testcase classname="tests.test_glass_configurator_3d.TestQuotationAPI" name="test_create_quotation_15_days" time="0.040" /><testcase classname="tests.test_glass_configurator_3d.TestQuotationAPI" name="test_create_job_work_quotation" time="0.040" /><testcase classname="tests.test_glass_configurator_3d.TestQuotationAPI" name="test_list_quotations" time="0.039" /><testcase classname="tests.test_glass_configurator_3d.TestQuotationAPI" name="test_list_job_work_quotations" time="0.040" /><testcase classname="tests.test_glass_configurator_3d.TestJobWorkLabourRatesAPI" name="test_get_labour_rates" time="0.043" /><testcase classname="tests.test_glass_configurator_3d.TestJobWorkLabourRatesAPI" name="test_labour_rates_have_hole_pricing" time="0.037" /><testcase classname="tests.test_glass_configurator_3d.TestJobWorkLabourRatesAPI" name="test_labour_rates_have_transport_pricing" time="0.064" /><testcase classname="tests.test_glass_configurator_3d.TestQuotationWorkflow" name="test_get_quotation_by_id" time="0.090" /><testcase classname="tests.test_glass_configurator_3d.TestQuotationWorkflow" name="test_send_quotation" time="0.147" /><testcase classname="tests.test_glass_configurator_3d.TestQuotationWorkflow" name="test_approve_quotation" time="0.075" /><testcase classname="tests.test_glass_configurator_3d.TestQuotationWorkflow" name="test_reject_quotation" time="0.062" /><testcase classname="tests.test_glass_configurator_3d.TestQuotationWorkflow" name="test_convert_quotation_to_order" time="0.111" /><testcase classname="tests.test_glass_configurator_3d.TestAuditTrail" name="test_get_audit_trail" time="0.038" /><testcase classname="tests.test_glass_configurator_3d.TestAuditTrail" name="test_audit_trail_filter_by_action" time="0.039" /></testsuite></testsuites>