<?xml version="1.0" encoding="utf-8"?><testsuites name="pytest tests"><testsuite name="pytest" errors="0" failures="0" skipped="0" tests="13" time="7.941" timestamp="2026-01-02T12:57:09.048445+00:00" hostname="agent-env-23464788-22ef-4e5c-8ee7-a9728eaec4dc"><testcase classname="tests.test_gst_module.TestGSTModule" name="test_get_states_returns_all_indian_states" time="0.590" /><testcase classname="tests.test_gst_module.TestGSTModule" name="test_gst_calculation_same_state_cgst_sgst" time="0.551" /><testcase classname="tests.test_gst_module.TestGSTModule" name="test_gst_calculation_different_state_igst" time="0.551" /><testcase classname="tests.test_gst_module.TestGSTModule" name="test_gst_calculation_with_different_hsn_code" time="0.638" /><testcase classname="tests.test_gst_module.TestGSTModule" name="test_get_hsn_codes" time="0.635" /><testcase classname="tests.test_gst_module.TestGSTModule" name="test_add_hsn_code_admin_only" time="0.586" /><testcase classname="tests.test_gst_module.TestGSTModule" name="test_add_hsn_code_customer_forbidden" time="0.592" /><testcase classname="tests.test_gst_module.TestGSTModule" name="test_get_gst_settings_admin" time="0.553" /><testcase classname="tests.test_gst_module.TestGSTModule" name="test_update_gst_settings_admin_only" time="0.682" /><testcase classname="tests.test_gst_module.TestGSTModule" name="test_verify_gstin_valid_format" time="0.600" /><testcase classname="tests.test_gst_module.TestGSTModule" name="test_verify_gstin_invalid_format" time="0.586" /><testcase classname="tests.test_gst_module.TestGSTModule" name="test_get_company_gst_info_public" time="0.609" /><testcase classname="tests.test_gst_module.TestGSTIntegrationWithOrders" name="test_order_creation_includes_gst_fields" time="0.693" /></testsuite></testsuites>