<?xml version="1.0" encoding="utf-8"?><testsuites name="pytest tests"><testsuite name="pytest" errors="0" failures="0" skipped="0" tests="17" time="7.651" timestamp="2026-01-02T17:49:21.049710+00:00" hostname="agent-env-4cdb65aa-99b5-40a7-b9ea-cabf3a5fde05"><testcase classname="tests.test_job_work_e2e.TestJobWorkE2E" name="test_01_get_labour_rates" time="0.097" /><testcase classname="tests.test_job_work_e2e.TestJobWorkE2E" name="test_02_calculate_cost_single_item" time="0.042" /><testcase classname="tests.test_job_work_e2e.TestJobWorkE2E" name="test_03_calculate_cost_multiple_items" time="0.042" /><testcase classname="tests.test_job_work_e2e.TestJobWorkE2E" name="test_04_create_order_without_disclaimer" time="0.315" /><testcase classname="tests.test_job_work_e2e.TestJobWorkE2E" name="test_05_create_single_item_order_100_percent_advance" time="0.269" /><testcase classname="tests.test_job_work_e2e.TestJobWorkE2E" name="test_06_create_multi_item_order_50_percent_advance" time="0.285" /><testcase classname="tests.test_job_work_e2e.TestJobWorkE2E" name="test_07_get_my_orders" time="0.274" /><testcase classname="tests.test_job_work_e2e.TestJobWorkE2E" name="test_08_set_cash_preference" time="0.522" /><testcase classname="tests.test_job_work_e2e.TestJobWorkE2E" name="test_09_initiate_online_payment" time="1.895" /><testcase classname="tests.test_job_work_e2e.TestPDFGeneration" name="test_10_job_work_invoice_pdf" time="0.524" /><testcase classname="tests.test_job_work_e2e.TestPDFGeneration" name="test_11_payment_receipt_pdf" time="0.566" /><testcase classname="tests.test_job_work_e2e.TestPDFGeneration" name="test_12_merged_pdf" time="0.677" /><testcase classname="tests.test_job_work_e2e.TestPDFGeneration" name="test_13_regular_invoice_pdf" time="0.558" /><testcase classname="tests.test_job_work_e2e.TestPDFGeneration" name="test_14_share_log_action" time="0.634" /><testcase classname="tests.test_job_work_e2e.TestCustomerPortal" name="test_15_customer_login" time="0.257" /><testcase classname="tests.test_job_work_e2e.TestCustomerPortal" name="test_16_get_customer_profile" time="0.316" /><testcase classname="tests.test_job_work_e2e.TestCustomerPortal" name="test_17_get_all_orders" time="0.289" /></testsuite></testsuites>