<?xml version="1.0" encoding="utf-8"?><testsuites name="pytest tests"><testsuite name="pytest" errors="0" failures="0" skipped="0" tests="16" time="6.338" timestamp="2026-01-02T14:16:31.562509+00:00" hostname="agent-env-23464788-22ef-4e5c-8ee7-a9728eaec4dc"><testcase classname="tests.test_job_work_admin_forecast.TestAuthentication" name="test_admin_login" time="0.324" /><testcase classname="tests.test_job_work_admin_forecast.TestAuthentication" name="test_customer_login" time="0.267" /><testcase classname="tests.test_job_work_admin_forecast.TestAIForecastAPISecurity" name="test_forecast_stats_without_auth_returns_401" time="0.079" /><testcase classname="tests.test_job_work_admin_forecast.TestAIForecastAPISecurity" name="test_forecast_stats_with_invalid_token_returns_401" time="0.041" /><testcase classname="tests.test_job_work_admin_forecast.TestAIForecastAPISecurity" name="test_forecast_stats_with_valid_admin_token" time="0.310" /><testcase classname="tests.test_job_work_admin_forecast.TestAdminJobWorkDashboard" name="test_job_work_dashboard_stats" time="0.306" /><testcase classname="tests.test_job_work_admin_forecast.TestAdminJobWorkDashboard" name="test_job_work_orders_list" time="0.303" /><testcase classname="tests.test_job_work_admin_forecast.TestAdminJobWorkDashboard" name="test_job_work_orders_filter_by_status" time="0.307" /><testcase classname="tests.test_job_work_admin_forecast.TestJobWorkStatusUpdate" name="test_create_job_work_order_for_status_test" time="0.591" /><testcase classname="tests.test_job_work_admin_forecast.TestJobWorkStatusUpdate" name="test_status_update_flow_with_notification" time="1.521" /><testcase classname="tests.test_job_work_admin_forecast.TestJobWorkStatusUpdate" name="test_invalid_status_update" time="0.601" /><testcase classname="tests.test_job_work_admin_forecast.TestPayRemainingAmount" name="test_get_customer_orders_with_remaining_balance" time="0.297" /><testcase classname="tests.test_job_work_admin_forecast.TestPayRemainingAmount" name="test_pay_remaining_endpoint_exists" time="0.318" /><testcase classname="tests.test_job_work_admin_forecast.TestPayRemainingAmount" name="test_update_payment_preference_to_cash" time="0.302" /><testcase classname="tests.test_job_work_admin_forecast.TestJobWorkSettings" name="test_get_job_work_settings" time="0.341" /><testcase classname="tests.test_job_work_admin_forecast.TestJobWorkSettings" name="test_get_labour_rates_public" time="0.340" /></testsuite></testsuites>