<?xml version="1.0" encoding="utf-8"?><testsuites name="pytest tests"><testsuite name="pytest" errors="0" failures="0" skipped="0" tests="10" time="2.707" timestamp="2026-01-02T13:51:07.734051+00:00" hostname="agent-env-23464788-22ef-4e5c-8ee7-a9728eaec4dc"><testcase classname="tests.test_job_work_customer_portal.TestJobWorkPublicAPIs" name="test_get_labour_rates" time="0.097" /><testcase classname="tests.test_job_work_customer_portal.TestJobWorkPublicAPIs" name="test_calculate_job_work_cost_single_item" time="0.042" /><testcase classname="tests.test_job_work_customer_portal.TestJobWorkPublicAPIs" name="test_calculate_job_work_cost_multiple_items" time="0.044" /><testcase classname="tests.test_job_work_customer_portal.TestJobWorkPublicAPIs" name="test_get_disclaimer" time="0.043" /><testcase classname="tests.test_job_work_customer_portal.TestJobWorkAuthenticatedAPIs" name="test_create_job_work_order_success" time="0.305" /><testcase classname="tests.test_job_work_customer_portal.TestJobWorkAuthenticatedAPIs" name="test_create_job_work_order_without_disclaimer_fails" time="0.356" /><testcase classname="tests.test_job_work_customer_portal.TestJobWorkAuthenticatedAPIs" name="test_get_my_job_work_orders" time="0.297" /><testcase classname="tests.test_job_work_customer_portal.TestCustomerPortalAPIs" name="test_get_my_orders" time="0.344" /><testcase classname="tests.test_job_work_customer_portal.TestCustomerPortalAPIs" name="test_get_user_profile" time="0.299" /><testcase classname="tests.test_job_work_customer_portal.TestJobWorkStatusFlow" name="test_job_work_status_flow" time="0.794" /></testsuite></testsuites>