<?xml version="1.0" encoding="utf-8"?><testsuites name="pytest tests"><testsuite name="pytest" errors="0" failures="0" skipped="0" tests="14" time="4.765" timestamp="2026-01-02T07:31:20.989732+00:00" hostname="agent-env-80de18bc-10f0-41fa-a3c0-9a49f6bdc9d9"><testcase classname="tests.test_new_pages_and_chat.TestAIChatAPI" name="test_chat_message_success" time="2.741" /><testcase classname="tests.test_new_pages_and_chat.TestAIChatAPI" name="test_chat_with_session_id" time="0.581" /><testcase classname="tests.test_new_pages_and_chat.TestAIChatAPI" name="test_chat_clear_session" time="0.943" /><testcase classname="tests.test_new_pages_and_chat.TestInquiryAPI" name="test_contact_form_submission" time="0.041" /><testcase classname="tests.test_new_pages_and_chat.TestInquiryAPI" name="test_wholesale_quote_submission" time="0.040" /><testcase classname="tests.test_new_pages_and_chat.TestInquiryAPI" name="test_inquiry_missing_required_fields" time="0.044" /><testcase classname="tests.test_new_pages_and_chat.TestInquiryAPI" name="test_inquiry_invalid_email" time="0.045" /><testcase classname="tests.test_new_pages_and_chat.TestContactAPI" name="test_contact_endpoint" time="0.035" /><testcase classname="tests.test_new_pages_and_chat.TestPageEndpoints" name="test_homepage_loads" time="0.036" /><testcase classname="tests.test_new_pages_and_chat.TestPageEndpoints" name="test_industries_page_loads" time="0.040" /><testcase classname="tests.test_new_pages_and_chat.TestPageEndpoints" name="test_how_it_works_page_loads" time="0.039" /><testcase classname="tests.test_new_pages_and_chat.TestPageEndpoints" name="test_pricing_page_loads" time="0.037" /><testcase classname="tests.test_new_pages_and_chat.TestPageEndpoints" name="test_contact_page_loads" time="0.040" /><testcase classname="tests.test_new_pages_and_chat.TestAPIHealth" name="test_api_health" time="0.038" /></testsuite></testsuites>