<?xml version="1.0" encoding="utf-8"?><testsuites name="pytest tests"><testsuite name="pytest" errors="0" failures="0" skipped="0" tests="22" time="3.670" timestamp="2026-01-01T16:13:29.937064+00:00" hostname="agent-env-450ca6c5-0ffb-438d-8815-ea6279772700"><testcase classname="tests.test_otp_customer_portal.TestOTPAuthentication" name="test_send_otp_email_method" time="0.325" /><testcase classname="tests.test_otp_customer_portal.TestOTPAuthentication" name="test_send_otp_missing_identifier" time="0.038" /><testcase classname="tests.test_otp_customer_portal.TestOTPAuthentication" name="test_send_otp_reset_purpose" time="0.038" /><testcase classname="tests.test_otp_customer_portal.TestOTPAuthentication" name="test_verify_otp_invalid" time="0.041" /><testcase classname="tests.test_otp_customer_portal.TestOTPAuthentication" name="test_verify_otp_missing_fields" time="0.036" /><testcase classname="tests.test_otp_customer_portal.TestOTPAuthentication" name="test_reset_password_missing_token" time="0.038" /><testcase classname="tests.test_otp_customer_portal.TestOTPAuthentication" name="test_reset_password_invalid_token" time="0.038" /><testcase classname="tests.test_otp_customer_portal.TestOTPAuthentication" name="test_reset_password_short_password" time="0.036" /><testcase classname="tests.test_otp_customer_portal.TestCustomerPortalAPIs" name="test_customer_dashboard" time="0.273" /><testcase classname="tests.test_otp_customer_portal.TestCustomerPortalAPIs" name="test_customer_orders" time="0.274" /><testcase classname="tests.test_otp_customer_portal.TestCustomerPortalAPIs" name="test_customer_orders_with_status_filter" time="0.319" /><testcase classname="tests.test_otp_customer_portal.TestCustomerPortalAPIs" name="test_customer_order_detail_not_found" time="0.275" /><testcase classname="tests.test_otp_customer_portal.TestCustomerPortalAPIs" name="test_customer_profile" time="0.276" /><testcase classname="tests.test_otp_customer_portal.TestCustomerPortalAPIs" name="test_customer_profile_update" time="0.273" /><testcase classname="tests.test_otp_customer_portal.TestCustomerPortalAPIs" name="test_customer_invoices" time="0.329" /><testcase classname="tests.test_otp_customer_portal.TestCustomerPortalAPIs" name="test_customer_support_ticket_create" time="0.276" /><testcase classname="tests.test_otp_customer_portal.TestCustomerPortalAPIs" name="test_customer_support_tickets_list" time="0.268" /><testcase classname="tests.test_otp_customer_portal.TestCustomerPortalAPIs" name="test_customer_add_address" time="0.275" /><testcase classname="tests.test_otp_customer_portal.TestCustomerPortalUnauthorized" name="test_dashboard_unauthorized_returns_empty_data" time="0.041" /><testcase classname="tests.test_otp_customer_portal.TestCustomerPortalUnauthorized" name="test_orders_unauthorized_returns_empty_list" time="0.037" /><testcase classname="tests.test_otp_customer_portal.TestCustomerPortalUnauthorized" name="test_profile_unauthorized_returns_404" time="0.038" /><testcase classname="tests.test_otp_customer_portal.TestPublicOrderTracking" name="test_track_order_not_found" time="0.038" /></testsuite></testsuites>