<?xml version="1.0" encoding="utf-8"?><testsuites name="pytest tests"><testsuite name="pytest" errors="0" failures="0" skipped="0" tests="12" time="1.610" timestamp="2026-01-01T16:52:35.117735+00:00" hostname="agent-env-c7113736-6e2b-42a7-9812-96563ccf22cb"><testcase classname="tests.test_password_reset.TestPasswordResetAPIs" name="test_send_otp_email_for_reset" time="0.053" /><testcase classname="tests.test_password_reset.TestPasswordResetAPIs" name="test_send_otp_mobile_for_reset" time="0.149" /><testcase classname="tests.test_password_reset.TestPasswordResetAPIs" name="test_verify_otp_invalid_otp" time="0.077" /><testcase classname="tests.test_password_reset.TestPasswordResetAPIs" name="test_verify_otp_missing_fields" time="0.034" /><testcase classname="tests.test_password_reset.TestPasswordResetAPIs" name="test_reset_password_missing_token" time="0.039" /><testcase classname="tests.test_password_reset.TestPasswordResetAPIs" name="test_reset_password_invalid_token" time="0.039" /><testcase classname="tests.test_password_reset.TestPasswordResetAPIs" name="test_reset_password_short_password" time="0.037" /><testcase classname="tests.test_password_reset.TestCompletePasswordResetFlow" name="test_complete_password_reset_flow" time="0.528" /><testcase classname="tests.test_password_reset.TestCompletePasswordResetFlow" name="test_otp_expiry_validation" time="0.075" /><testcase classname="tests.test_password_reset.TestCompletePasswordResetFlow" name="test_reset_token_single_use" time="0.352" /><testcase classname="tests.test_password_reset.TestPasswordResetUserNotFound" name="test_send_otp_nonexistent_email" time="0.034" /><testcase classname="tests.test_password_reset.TestPasswordResetUserNotFound" name="test_verify_otp_nonexistent_user" time="0.059" /></testsuite></testsuites>