<?xml version="1.0" encoding="utf-8"?><testsuites name="pytest tests"><testsuite name="pytest" errors="0" failures="0" skipped="0" tests="16" time="6.213" timestamp="2026-01-02T16:08:06.572248+00:00" hostname="agent-env-4cdb65aa-99b5-40a7-b9ea-cabf3a5fde05"><testcase classname="tests.test_payment_flow.TestAdvancePaymentRule" name="test_single_item_100_percent_advance" time="0.334" /><testcase classname="tests.test_payment_flow.TestAdvancePaymentRule" name="test_multiple_items_50_percent_advance" time="0.305" /><testcase classname="tests.test_payment_flow.TestAdvancePaymentRule" name="test_multiple_different_items_50_percent_advance" time="0.303" /><testcase classname="tests.test_payment_flow.TestJobWorkPaymentAPIs" name="test_set_cash_preference" time="0.425" /><testcase classname="tests.test_payment_flow.TestJobWorkPaymentAPIs" name="test_initiate_online_payment" time="1.158" /><testcase classname="tests.test_payment_flow.TestCustomerPortalPaymentBadges" name="test_job_work_orders_have_payment_fields" time="0.301" /><testcase classname="tests.test_job_work_customer_portal.TestJobWorkPublicAPIs" name="test_get_labour_rates" time="0.038" /><testcase classname="tests.test_job_work_customer_portal.TestJobWorkPublicAPIs" name="test_calculate_job_work_cost_single_item" time="0.039" /><testcase classname="tests.test_job_work_customer_portal.TestJobWorkPublicAPIs" name="test_calculate_job_work_cost_multiple_items" time="0.040" /><testcase classname="tests.test_job_work_customer_portal.TestJobWorkPublicAPIs" name="test_get_disclaimer" time="0.035" /><testcase classname="tests.test_job_work_customer_portal.TestJobWorkAuthenticatedAPIs" name="test_create_job_work_order_success" time="0.298" /><testcase classname="tests.test_job_work_customer_portal.TestJobWorkAuthenticatedAPIs" name="test_create_job_work_order_without_disclaimer_fails" time="0.304" /><testcase classname="tests.test_job_work_customer_portal.TestJobWorkAuthenticatedAPIs" name="test_get_my_job_work_orders" time="0.306" /><testcase classname="tests.test_job_work_customer_portal.TestCustomerPortalAPIs" name="test_get_my_orders" time="0.300" /><testcase classname="tests.test_job_work_customer_portal.TestCustomerPortalAPIs" name="test_get_user_profile" time="0.296" /><testcase classname="tests.test_job_work_customer_portal.TestJobWorkStatusFlow" name="test_job_work_status_flow" time="1.672" /></testsuite></testsuites>