<?xml version="1.0" encoding="utf-8"?><testsuites name="pytest tests"><testsuite name="pytest" errors="0" failures="0" skipped="0" tests="21" time="6.177" timestamp="2026-01-01T14:08:05.251428+00:00" hostname="agent-env-55dc6199-8065-4641-b601-1c688c8b52cb"><testcase classname="tests.test_payouts.TestPayoutsAuth" name="test_payouts_dashboard_accessible_with_auth" time="0.313" /><testcase classname="tests.test_payouts.TestPayoutsAuth" name="test_fund_accounts_accessible_with_auth" time="0.302" /><testcase classname="tests.test_payouts.TestPayoutsAuth" name="test_payout_history_accessible_with_auth" time="0.297" /><testcase classname="tests.test_payouts.TestPayoutsDashboard" name="test_get_payouts_dashboard" time="0.301" /><testcase classname="tests.test_payouts.TestPayoutsDashboard" name="test_dashboard_employees_structure" time="0.296" /><testcase classname="tests.test_payouts.TestPayoutsDashboard" name="test_dashboard_salaries_structure" time="0.298" /><testcase classname="tests.test_payouts.TestPayoutsDashboard" name="test_dashboard_amounts_structure" time="0.294" /><testcase classname="tests.test_payouts.TestPayoutsDashboard" name="test_dashboard_recent_payouts_is_list" time="0.298" /><testcase classname="tests.test_payouts.TestFundAccounts" name="test_get_fund_accounts" time="0.299" /><testcase classname="tests.test_payouts.TestFundAccounts" name="test_get_fund_accounts_with_employee_filter" time="0.300" /><testcase classname="tests.test_payouts.TestFundAccounts" name="test_create_fund_account_missing_employee" time="0.294" /><testcase classname="tests.test_payouts.TestFundAccounts" name="test_create_fund_account_with_valid_employee" time="0.373" /><testcase classname="tests.test_payouts.TestPayoutHistory" name="test_get_payout_history" time="0.346" /><testcase classname="tests.test_payouts.TestPayoutHistory" name="test_get_payout_history_with_month_filter" time="0.296" /><testcase classname="tests.test_payouts.TestPayoutHistory" name="test_get_payout_history_with_employee_filter" time="0.299" /><testcase classname="tests.test_payouts.TestPayoutHistory" name="test_get_payout_history_with_status_filter" time="0.292" /><testcase classname="tests.test_payouts.TestSalaryPayouts" name="test_process_salary_payout_missing_salary" time="0.308" /><testcase classname="tests.test_payouts.TestSalaryPayouts" name="test_get_payout_status_missing_salary" time="0.291" /><testcase classname="tests.test_payouts.TestSalaryPayouts" name="test_bulk_process_payouts_no_approved_salaries" time="0.293" /><testcase classname="tests.test_payouts.TestPayoutsRoleAccess" name="test_hr_role_can_access_payouts" time="0.296" /><testcase classname="tests.test_payouts.TestPayoutsWebhook" name="test_webhook_endpoint_exists" time="0.035" /></testsuite></testsuites>