<?xml version="1.0" encoding="utf-8"?><testsuites name="pytest tests"><testsuite name="pytest" errors="0" failures="0" skipped="0" tests="10" time="3.047" timestamp="2026-01-02T06:49:03.991022+00:00" hostname="agent-env-80de18bc-10f0-41fa-a3c0-9a49f6bdc9d9"><testcase classname="tests.test_pdf_generation.TestPDFGeneration" name="test_cash_daybook_pdf_success" time="0.329" /><testcase classname="tests.test_pdf_generation.TestPDFGeneration" name="test_cash_daybook_pdf_without_date" time="0.290" /><testcase classname="tests.test_pdf_generation.TestPDFGeneration" name="test_cash_daybook_pdf_unauthorized" time="0.324" /><testcase classname="tests.test_pdf_generation.TestPDFGeneration" name="test_dispatch_slip_pdf_success" time="0.331" /><testcase classname="tests.test_pdf_generation.TestPDFGeneration" name="test_dispatch_slip_pdf_invalid_order" time="0.279" /><testcase classname="tests.test_pdf_generation.TestPDFGeneration" name="test_invoice_pdf_success" time="0.294" /><testcase classname="tests.test_pdf_generation.TestPDFGeneration" name="test_invoice_pdf_invalid_order" time="0.277" /><testcase classname="tests.test_pdf_generation.TestPDFGeneration" name="test_cash_daybook_pdf_content_disposition" time="0.287" /><testcase classname="tests.test_pdf_generation.TestPDFGeneration" name="test_dispatch_slip_pdf_content_disposition" time="0.289" /><testcase classname="tests.test_pdf_generation.TestPDFGeneration" name="test_invoice_pdf_content_disposition" time="0.285" /></testsuite></testsuites>