<?xml version="1.0" encoding="utf-8"?><testsuites name="pytest tests"><testsuite name="pytest" errors="0" failures="0" skipped="0" tests="12" time="0.626" timestamp="2026-01-02T08:36:07.826929+00:00" hostname="agent-env-a9681a82-f143-4556-9182-2c0b53569747"><testcase classname="tests.test_public_blog.TestPublicBlogEndpoints" name="test_get_public_blog_list" time="0.078" /><testcase classname="tests.test_public_blog.TestPublicBlogEndpoints" name="test_get_public_blog_with_pagination" time="0.040" /><testcase classname="tests.test_public_blog.TestPublicBlogEndpoints" name="test_get_public_blog_with_category_filter" time="0.037" /><testcase classname="tests.test_public_blog.TestPublicBlogEndpoints" name="test_get_public_blog_post_by_slug" time="0.041" /><testcase classname="tests.test_public_blog.TestPublicBlogEndpoints" name="test_get_public_blog_post_related_posts" time="0.041" /><testcase classname="tests.test_public_blog.TestPublicBlogEndpoints" name="test_get_public_blog_post_not_found" time="0.036" /><testcase classname="tests.test_public_blog.TestPublicBlogEndpoints" name="test_get_public_categories" time="0.048" /><testcase classname="tests.test_public_blog.TestPublicBlogEndpoints" name="test_blog_post_view_count_increments" time="0.077" /><testcase classname="tests.test_public_blog.TestBlogSEOFields" name="test_blog_post_has_seo_fields" time="0.041" /><testcase classname="tests.test_public_blog.TestBlogSEOFields" name="test_blog_post_has_featured_image" time="0.037" /><testcase classname="tests.test_public_blog.TestBlogListResponse" name="test_blog_list_returns_categories" time="0.037" /><testcase classname="tests.test_public_blog.TestBlogListResponse" name="test_blog_list_pagination_info" time="0.038" /></testsuite></testsuites>