<?xml version="1.0" encoding="utf-8"?><testsuites name="pytest tests"><testsuite name="pytest" errors="0" failures="0" skipped="0" tests="15" time="0.843" timestamp="2026-01-01T11:55:00.220794+00:00" hostname="agent-env-eee6c9ff-c902-48ec-b9ca-1f31955a130e"><testcase classname="tests.test_erp_api.TestCRMModule" name="test_get_leads" time="0.093" /><testcase classname="tests.test_erp_api.TestCRMModule" name="test_create_lead" time="0.038" /><testcase classname="tests.test_erp_api.TestCRMModule" name="test_get_leads_with_status_filter" time="0.040" /><testcase classname="tests.test_erp_api.TestProductionModule" name="test_get_production_orders" time="0.037" /><testcase classname="tests.test_erp_api.TestProductionModule" name="test_create_production_order" time="0.036" /><testcase classname="tests.test_erp_api.TestProductionModule" name="test_update_production_stage" time="0.108" /><testcase classname="tests.test_erp_api.TestProductionModule" name="test_get_orders_by_stage" time="0.036" /><testcase classname="tests.test_erp_api.TestProductionModule" name="test_create_breakage_entry" time="0.047" /><testcase classname="tests.test_erp_api.TestHRModule" name="test_get_employees" time="0.038" /><testcase classname="tests.test_erp_api.TestHRModule" name="test_create_employee" time="0.039" /><testcase classname="tests.test_erp_api.TestHRModule" name="test_calculate_salary" time="0.067" /><testcase classname="tests.test_erp_api.TestHRModule" name="test_get_salary_records" time="0.040" /><testcase classname="tests.test_erp_api.TestHRModule" name="test_get_salary_records_by_status" time="0.037" /><testcase classname="tests.test_erp_api.TestAdminDashboard" name="test_get_admin_dashboard" time="0.082" /><testcase classname="tests.test_erp_api.TestBreakageAnalytics" name="test_get_breakage_analytics" time="0.038" /></testsuite></testsuites>