<?xml version="1.0" encoding="utf-8"?><testsuites name="pytest tests"><testsuite name="pytest" errors="0" failures="0" skipped="0" tests="13" time="4.434" timestamp="2026-01-01T15:01:04.304518+00:00" hostname="agent-env-450ca6c5-0ffb-438d-8815-ea6279772700"><testcase classname="tests.test_qr_codes.TestQRCodeAPIs" name="test_get_job_card_qr_code" time="0.348" /><testcase classname="tests.test_qr_codes.TestQRCodeAPIs" name="test_get_job_card_qr_code_with_custom_size" time="0.619" /><testcase classname="tests.test_qr_codes.TestQRCodeAPIs" name="test_get_job_card_qr_code_invalid_job_card" time="0.286" /><testcase classname="tests.test_qr_codes.TestQRCodeAPIs" name="test_get_job_card_barcode" time="0.284" /><testcase classname="tests.test_qr_codes.TestQRCodeAPIs" name="test_get_job_card_barcode_invalid_job_card" time="0.362" /><testcase classname="tests.test_qr_codes.TestQRCodeAPIs" name="test_get_job_card_print_data" time="0.320" /><testcase classname="tests.test_qr_codes.TestQRCodeAPIs" name="test_print_data_qr_code_is_base64" time="0.360" /><testcase classname="tests.test_qr_codes.TestQRCodeAPIs" name="test_print_data_barcode_is_base64" time="0.314" /><testcase classname="tests.test_qr_codes.TestQRCodeAPIs" name="test_print_data_job_card_number_matches" time="0.309" /><testcase classname="tests.test_qr_codes.TestQRCodeAPIs" name="test_print_data_invalid_job_card" time="0.280" /><testcase classname="tests.test_qr_codes.TestQRCodeAPIs" name="test_print_data_dimensions_format" time="0.312" /><testcase classname="tests.test_qr_codes.TestInvoiceQRCode" name="test_get_invoice_qr_code" time="0.302" /><testcase classname="tests.test_qr_codes.TestInvoiceQRCode" name="test_get_invoice_qr_code_invalid" time="0.275" /></testsuite></testsuites>