<?xml version="1.0" encoding="utf-8"?><testsuites name="pytest tests"><testsuite name="pytest" errors="0" failures="0" skipped="0" tests="19" time="1.846" timestamp="2026-01-02T12:00:04.351295+00:00" hostname="agent-env-766e308e-427d-4236-a977-e8e3aee26d21"><testcase classname="tests.test_rewards_dispatch.TestRewardsSettings" name="test_get_rewards_settings_public" time="0.072" /><testcase classname="tests.test_rewards_dispatch.TestRewardsSettings" name="test_update_rewards_settings_admin" time="0.341" /><testcase classname="tests.test_rewards_dispatch.TestRewardsSettings" name="test_update_rewards_settings_customer_forbidden" time="0.304" /><testcase classname="tests.test_rewards_dispatch.TestReferralCode" name="test_get_referral_code_admin" time="0.079" /><testcase classname="tests.test_rewards_dispatch.TestReferralCode" name="test_get_referral_code_customer" time="0.044" /><testcase classname="tests.test_rewards_dispatch.TestCreditBalance" name="test_get_my_balance" time="0.036" /><testcase classname="tests.test_rewards_dispatch.TestCreditBalance" name="test_get_transactions" time="0.036" /><testcase classname="tests.test_rewards_dispatch.TestAdminRewardsDashboard" name="test_get_admin_dashboard" time="0.035" /><testcase classname="tests.test_rewards_dispatch.TestAdminRewardsDashboard" name="test_get_admin_dashboard_customer_forbidden" time="0.034" /><testcase classname="tests.test_rewards_dispatch.TestAdminRewardsDashboard" name="test_get_all_referrals" time="0.039" /><testcase classname="tests.test_rewards_dispatch.TestAdminAdjustCredit" name="test_adjust_credit_add" time="0.295" /><testcase classname="tests.test_rewards_dispatch.TestAdminAdjustCredit" name="test_adjust_credit_debit" time="0.036" /><testcase classname="tests.test_rewards_dispatch.TestAdminAdjustCredit" name="test_adjust_credit_invalid_user" time="0.041" /><testcase classname="tests.test_rewards_dispatch.TestAdminAdjustCredit" name="test_adjust_credit_customer_forbidden" time="0.038" /><testcase classname="tests.test_rewards_dispatch.TestPaymentValidationBeforeDispatch" name="test_dispatch_slip_blocked_without_payment" time="0.073" /><testcase classname="tests.test_rewards_dispatch.TestPaymentValidationBeforeDispatch" name="test_mark_dispatched_blocked_without_payment" time="0.069" /><testcase classname="tests.test_rewards_dispatch.TestPaymentValidationBeforeDispatch" name="test_transport_dispatch_blocked_without_payment" time="0.115" /><testcase classname="tests.test_rewards_dispatch.TestAdminUserBalance" name="test_admin_get_user_balance" time="0.038" /><testcase classname="tests.test_rewards_dispatch.TestAdminUserBalance" name="test_admin_get_user_balance_invalid_user" time="0.041" /></testsuite></testsuites>