<?xml version="1.0" encoding="utf-8"?><testsuites name="pytest tests"><testsuite name="pytest" errors="0" failures="0" skipped="0" tests="9" time="3.290" timestamp="2026-01-04T15:59:54.822757+00:00" hostname="agent-env-b981b255-495e-4759-a31b-a7b1bdd408e6"><testcase classname="tests.test_share_configuration.TestShareConfiguration" name="test_create_share_link" time="0.074" /><testcase classname="tests.test_share_configuration.TestShareConfiguration" name="test_get_shared_config" time="0.085" /><testcase classname="tests.test_share_configuration.TestShareConfiguration" name="test_get_shared_config_not_found" time="0.042" /><testcase classname="tests.test_share_configuration.TestShareConfiguration" name="test_view_count_increments" time="0.116" /><testcase classname="tests.test_share_configuration.TestMultiPagePDF" name="test_export_pdf_multipage" time="0.327" /><testcase classname="tests.test_share_configuration.TestMultiPagePDF" name="test_export_pdf_multipage_unauthorized" time="0.041" /><testcase classname="tests.test_share_configuration.TestEmailQuotation" name="test_send_email_endpoint_exists" time="2.047" /><testcase classname="tests.test_share_configuration.TestEmailQuotation" name="test_send_email_unauthorized" time="0.115" /><testcase classname="tests.test_share_configuration.TestShareOrderFlow" name="test_order_from_shared_config" time="0.381" /></testsuite></testsuites>