<?xml version="1.0" encoding="utf-8"?><testsuites name="pytest tests"><testsuite name="pytest" errors="0" failures="0" skipped="0" tests="18" time="10.480" timestamp="2026-01-02T11:22:34.946651+00:00" hostname="agent-env-766e308e-427d-4236-a977-e8e3aee26d21"><testcase classname="tests.test_transport_management.TestTransportSettings" name="test_get_transport_settings" time="0.304" /><testcase classname="tests.test_transport_management.TestTransportSettings" name="test_update_transport_settings" time="0.294" /><testcase classname="tests.test_transport_management.TestDistanceAndCostCalculation" name="test_calculate_distance_with_address" time="1.401" /><testcase classname="tests.test_transport_management.TestDistanceAndCostCalculation" name="test_calculate_distance_with_coordinates" time="0.313" /><testcase classname="tests.test_transport_management.TestDistanceAndCostCalculation" name="test_calculate_transport_cost_mumbai" time="1.690" /><testcase classname="tests.test_transport_management.TestDistanceAndCostCalculation" name="test_calculate_transport_cost_delhi" time="0.913" /><testcase classname="tests.test_transport_management.TestDistanceAndCostCalculation" name="test_calculate_transport_cost_without_gst" time="1.970" /><testcase classname="tests.test_transport_management.TestDistanceAndCostCalculation" name="test_calculate_transport_cost_invalid_address" time="0.657" /><testcase classname="tests.test_transport_management.TestVehicleManagement" name="test_get_vehicles" time="0.263" /><testcase classname="tests.test_transport_management.TestVehicleManagement" name="test_create_vehicle" time="0.290" /><testcase classname="tests.test_transport_management.TestVehicleManagement" name="test_get_vehicles_by_status" time="0.273" /><testcase classname="tests.test_transport_management.TestDriverManagement" name="test_get_drivers" time="0.266" /><testcase classname="tests.test_transport_management.TestDriverManagement" name="test_create_driver" time="0.329" /><testcase classname="tests.test_transport_management.TestDriverManagement" name="test_get_drivers_by_status" time="0.271" /><testcase classname="tests.test_transport_management.TestTransportDashboard" name="test_get_transport_dashboard" time="0.270" /><testcase classname="tests.test_transport_management.TestDispatchManagement" name="test_get_dispatches" time="0.269" /><testcase classname="tests.test_transport_management.TestCleanup" name="test_cleanup_test_vehicles" time="0.314" /><testcase classname="tests.test_transport_management.TestCleanup" name="test_cleanup_test_drivers" time="0.310" /></testsuite></testsuites>