<?xml version="1.0" encoding="utf-8"?><testsuites name="pytest tests"><testsuite name="pytest" errors="0" failures="0" skipped="1" tests="24" time="12.899" timestamp="2026-01-03T04:04:09.330019+00:00" hostname="agent-env-9c32ab6c-5b58-4487-b9d2-1242166d700a"><testcase classname="tests.test_vendor_management.TestVendorManagement" name="test_01_get_vendors_list" time="0.308" /><testcase classname="tests.test_vendor_management.TestVendorManagement" name="test_02_create_vendor" time="0.294" /><testcase classname="tests.test_vendor_management.TestVendorManagement" name="test_03_get_vendor_by_id" time="0.296" /><testcase classname="tests.test_vendor_management.TestVendorManagement" name="test_04_update_vendor" time="0.334" /><testcase classname="tests.test_vendor_management.TestVendorManagement" name="test_05_create_purchase_order" time="0.285" /><testcase classname="tests.test_vendor_management.TestVendorManagement" name="test_06_get_purchase_orders_list" time="0.269" /><testcase classname="tests.test_vendor_management.TestVendorManagement" name="test_07_get_purchase_order_by_id" time="0.286" /><testcase classname="tests.test_vendor_management.TestVendorManagement" name="test_08_submit_po_for_approval" time="0.303" /><testcase classname="tests.test_vendor_management.TestVendorManagement" name="test_09_approve_po" time="0.351" /><testcase classname="tests.test_vendor_management.TestVendorManagement" name="test_10_reject_po" time="0.394" /><testcase classname="tests.test_vendor_management.TestVendorManagement" name="test_11_initiate_vendor_payment" time="1.206" /><testcase classname="tests.test_vendor_management.TestVendorManagement" name="test_12_payment_not_allowed_for_draft_po" time="0.331" /><testcase classname="tests.test_vendor_management.TestVendorManagement" name="test_13_get_vendor_ledger" time="1.295" /><testcase classname="tests.test_vendor_management.TestVendorManagement" name="test_14_get_outstanding_payables_report" time="0.294" /><testcase classname="tests.test_vendor_management.TestVendorManagement" name="test_15_get_payment_report" time="0.267" /><testcase classname="tests.test_vendor_management.TestVendorManagement" name="test_16_get_audit_logs" time="0.270" /><testcase classname="tests.test_vendor_management.TestJobWorkSlipRestriction" name="test_17_job_work_slip_blocked_for_unpaid_order" time="0.279" /><testcase classname="tests.test_vendor_management.TestJobWorkSlipRestriction" name="test_18_job_work_slip_allowed_for_paid_order" time="0.272"><skipped type="pytest.skip" message="No fully paid job work orders available for testing">/app/tests/test_vendor_management.py:608: No fully paid job work orders available for testing</skipped></testcase><testcase classname="tests.test_vendor_management.TestManualPaymentWithUTR" name="test_20_manual_payment_with_utr" time="1.161" /><testcase classname="tests.test_vendor_management.TestManualPaymentWithUTR" name="test_21_bank_transfer_payment_with_utr" time="1.300" /><testcase classname="tests.test_vendor_management.TestVendorPaymentReceipt" name="test_22_vendor_payment_receipt_pdf" time="1.223" /><testcase classname="tests.test_vendor_management.TestVendorPaymentReceipt" name="test_23_receipt_not_available_for_pending_payment" time="1.087" /><testcase classname="tests.test_vendor_management.TestAccessControl" name="test_24_customer_cannot_access_vendor_module" time="0.313" /><testcase classname="tests.test_vendor_management.TestPODownloadPDF" name="test_25_download_po_pdf" time="0.371" /></testsuite></testsuites>