<?xml version="1.0" encoding="utf-8"?><testsuites name="pytest tests"><testsuite name="pytest" errors="0" failures="0" skipped="0" tests="20" time="7.827" timestamp="2026-01-03T06:42:43.324812+00:00" hostname="agent-env-e2303aba-1001-449c-b205-c129f2e40428"><testcase classname="tests.test_vendor_payment_payout.TestVendorPaymentPayout" name="test_01_get_vendors_list" time="0.312" /><testcase classname="tests.test_vendor_payment_payout.TestVendorPaymentPayout" name="test_02_get_purchase_orders_list" time="0.272" /><testcase classname="tests.test_vendor_payment_payout.TestVendorPaymentPayout" name="test_03_create_test_vendor_with_bank_details" time="0.283" /><testcase classname="tests.test_vendor_payment_payout.TestVendorPaymentPayout" name="test_04_create_test_po_for_payout" time="0.278" /><testcase classname="tests.test_vendor_payment_payout.TestVendorPaymentPayout" name="test_05_submit_po_for_approval" time="0.274" /><testcase classname="tests.test_vendor_payment_payout.TestVendorPaymentPayout" name="test_06_approve_po" time="0.265" /><testcase classname="tests.test_vendor_payment_payout.TestVendorPaymentPayout" name="test_07_verify_po_approved_status" time="0.268" /><testcase classname="tests.test_vendor_payment_payout.TestVendorPaymentPayout" name="test_08_initiate_razorpay_payout_mock_mode" time="0.268" /><testcase classname="tests.test_vendor_payment_payout.TestVendorPaymentPayout" name="test_09_check_payout_status_auto_complete" time="1.265" /><testcase classname="tests.test_vendor_payment_payout.TestVendorPaymentPayout" name="test_10_verify_po_payment_status_updated" time="0.273" /><testcase classname="tests.test_vendor_payment_payout.TestVendorPaymentPayout" name="test_11_create_vendor_without_bank_details" time="0.271" /><testcase classname="tests.test_vendor_payment_payout.TestVendorPaymentPayout" name="test_12_create_po_for_no_bank_vendor" time="0.322" /><testcase classname="tests.test_vendor_payment_payout.TestVendorPaymentPayout" name="test_13_razorpay_payout_fails_without_bank_details" time="0.268" /><testcase classname="tests.test_vendor_payment_payout.TestVendorPaymentPayout" name="test_14_manual_payment_with_utr" time="0.269" /><testcase classname="tests.test_vendor_payment_payout.TestVendorPaymentPayout" name="test_15_record_manual_payment_with_utr" time="0.269" /><testcase classname="tests.test_vendor_payment_payout.TestVendorPaymentPayout" name="test_16_verify_manual_payment_po_updated" time="0.294" /><testcase classname="tests.test_vendor_payment_payout.TestVendorPaymentPayout" name="test_17_payment_history_endpoint" time="0.309" /><testcase classname="tests.test_vendor_payment_payout.TestVendorPaymentPayout" name="test_18_partial_payment_flow" time="1.399" /><testcase classname="tests.test_vendor_payment_payout.TestVendorPaymentPayout" name="test_19_payment_amount_validation" time="0.266" /><testcase classname="tests.test_vendor_payment_payout.TestVendorPaymentPayout" name="test_20_payment_on_non_approved_po_fails" time="0.317" /></testsuite></testsuites>