<?xml version="1.0" encoding="utf-8"?><testsuites name="pytest tests"><testsuite name="pytest" errors="0" failures="0" skipped="0" tests="16" time="6.370" timestamp="2026-01-03T04:17:47.188407+00:00" hostname="agent-env-9c32ab6c-5b58-4487-b9d2-1242166d700a"><testcase classname="tests.test_vendor_balance_bulk_payment.TestVendorBalanceSheet" name="test_01_get_balance_sheet_basic" time="0.327" /><testcase classname="tests.test_vendor_balance_bulk_payment.TestVendorBalanceSheet" name="test_02_balance_sheet_monthly_breakdown" time="0.284" /><testcase classname="tests.test_vendor_balance_bulk_payment.TestVendorBalanceSheet" name="test_03_balance_sheet_with_financial_year_param" time="0.296" /><testcase classname="tests.test_vendor_balance_bulk_payment.TestVendorBalanceSheet" name="test_04_balance_sheet_top_purchases" time="0.286" /><testcase classname="tests.test_vendor_balance_bulk_payment.TestVendorBalanceSheet" name="test_05_balance_sheet_vendor_not_found" time="0.270" /><testcase classname="tests.test_vendor_balance_bulk_payment.TestUpdateOpeningBalance" name="test_06_update_opening_balance" time="0.328" /><testcase classname="tests.test_vendor_balance_bulk_payment.TestUpdateOpeningBalance" name="test_07_update_opening_balance_vendor_not_found" time="0.267" /><testcase classname="tests.test_vendor_balance_bulk_payment.TestBulkPayment" name="test_08_create_bulk_payment" time="0.462" /><testcase classname="tests.test_vendor_balance_bulk_payment.TestBulkPayment" name="test_09_complete_bulk_payment" time="0.434" /><testcase classname="tests.test_vendor_balance_bulk_payment.TestBulkPayment" name="test_10_bulk_payment_vendor_not_found" time="0.265" /><testcase classname="tests.test_vendor_balance_bulk_payment.TestBulkPayment" name="test_11_bulk_payment_po_not_found" time="0.278" /><testcase classname="tests.test_vendor_balance_bulk_payment.TestBulkPayment" name="test_12_bulk_payment_already_paid_po" time="1.194" /><testcase classname="tests.test_vendor_balance_bulk_payment.TestBulkPayment" name="test_13_bulk_payment_unapproved_po" time="0.327" /><testcase classname="tests.test_vendor_balance_bulk_payment.TestBulkPayment" name="test_14_complete_already_completed_bulk_payment" time="0.404" /><testcase classname="tests.test_vendor_balance_bulk_payment.TestBulkPayment" name="test_15_bulk_payment_updates_vendor_balance" time="0.584" /><testcase classname="tests.test_vendor_balance_bulk_payment.TestBulkPaymentNotFound" name="test_16_complete_nonexistent_bulk_payment" time="0.266" /></testsuite></testsuites>