<?xml version="1.0" encoding="utf-8"?><testsuites name="pytest tests"><testsuite name="pytest" errors="0" failures="0" skipped="1" tests="19" time="7.006" timestamp="2026-01-03T03:44:43.859088+00:00" hostname="agent-env-9c32ab6c-5b58-4487-b9d2-1242166d700a"><testcase classname="tests.test_vendor_management.TestVendorManagement" name="test_01_get_vendors_list" time="0.301" /><testcase classname="tests.test_vendor_management.TestVendorManagement" name="test_02_create_vendor" time="0.331" /><testcase classname="tests.test_vendor_management.TestVendorManagement" name="test_03_get_vendor_by_id" time="0.369" /><testcase classname="tests.test_vendor_management.TestVendorManagement" name="test_04_update_vendor" time="0.325" /><testcase classname="tests.test_vendor_management.TestVendorManagement" name="test_05_create_purchase_order" time="0.343" /><testcase classname="tests.test_vendor_management.TestVendorManagement" name="test_06_get_purchase_orders_list" time="0.273" /><testcase classname="tests.test_vendor_management.TestVendorManagement" name="test_07_get_purchase_order_by_id" time="0.335" /><testcase classname="tests.test_vendor_management.TestVendorManagement" name="test_08_submit_po_for_approval" time="0.303" /><testcase classname="tests.test_vendor_management.TestVendorManagement" name="test_09_approve_po" time="0.349" /><testcase classname="tests.test_vendor_management.TestVendorManagement" name="test_10_reject_po" time="0.353" /><testcase classname="tests.test_vendor_management.TestVendorManagement" name="test_11_initiate_vendor_payment" time="1.222" /><testcase classname="tests.test_vendor_management.TestVendorManagement" name="test_12_payment_not_allowed_for_draft_po" time="0.369" /><testcase classname="tests.test_vendor_management.TestVendorManagement" name="test_13_get_vendor_ledger" time="0.286" /><testcase classname="tests.test_vendor_management.TestVendorManagement" name="test_14_get_outstanding_payables_report" time="0.323" /><testcase classname="tests.test_vendor_management.TestVendorManagement" name="test_15_get_payment_report" time="0.309" /><testcase classname="tests.test_vendor_management.TestVendorManagement" name="test_16_get_audit_logs" time="0.268" /><testcase classname="tests.test_vendor_management.TestJobWorkSlipRestriction" name="test_17_job_work_slip_blocked_for_unpaid_order" time="0.282" /><testcase classname="tests.test_vendor_management.TestJobWorkSlipRestriction" name="test_18_job_work_slip_allowed_for_paid_order" time="0.306"><skipped type="pytest.skip" message="No fully paid job work orders available for testing">/app/tests/test_vendor_management.py:608: No fully paid job work orders available for testing</skipped></testcase><testcase classname="tests.test_vendor_management.TestAccessControl" name="test_19_customer_cannot_access_vendor_module" time="0.271" /></testsuite></testsuites>