<?xml version="1.0" encoding="utf-8"?><testsuites name="pytest tests"><testsuite name="pytest" errors="0" failures="0" skipped="0" tests="19" time="5.801" timestamp="2026-01-01T15:33:42.968278+00:00" hostname="agent-env-450ca6c5-0ffb-438d-8815-ea6279772700"><testcase classname="tests.test_wallet.TestWalletSettings" name="test_get_wallet_settings" time="0.324" /><testcase classname="tests.test_wallet.TestWalletSettings" name="test_update_wallet_settings_referral_bonus" time="0.348" /><testcase classname="tests.test_wallet.TestWalletSettings" name="test_update_wallet_settings_wallet_percentage" time="0.369" /><testcase classname="tests.test_wallet.TestWalletSettings" name="test_update_wallet_settings_toggle_referral" time="0.342" /><testcase classname="tests.test_wallet.TestWalletBalance" name="test_get_wallet_balance" time="0.274" /><testcase classname="tests.test_wallet.TestWalletBalance" name="test_wallet_balance_numeric_values" time="0.273" /><testcase classname="tests.test_wallet.TestWalletTransactions" name="test_get_wallet_transactions" time="0.309" /><testcase classname="tests.test_wallet.TestWalletTransactions" name="test_get_wallet_transactions_with_limit" time="0.306" /><testcase classname="tests.test_wallet.TestCalculateWalletUsage" name="test_calculate_wallet_usage" time="0.270" /><testcase classname="tests.test_wallet.TestCalculateWalletUsage" name="test_calculate_wallet_usage_below_minimum" time="0.270" /><testcase classname="tests.test_wallet.TestCalculateWalletUsage" name="test_calculate_wallet_usage_response_structure" time="0.271" /><testcase classname="tests.test_wallet.TestApplyReferralCode" name="test_apply_invalid_referral_code" time="0.268" /><testcase classname="tests.test_wallet.TestApplyReferralCode" name="test_apply_own_referral_code" time="0.327" /><testcase classname="tests.test_wallet.TestAdminWalletStats" name="test_get_admin_stats" time="0.274" /><testcase classname="tests.test_wallet.TestAdminWalletStats" name="test_get_all_user_wallets" time="0.269" /><testcase classname="tests.test_wallet.TestAdminCreditWallet" name="test_admin_credit_wallet" time="0.387" /><testcase classname="tests.test_wallet.TestAdminCreditWallet" name="test_admin_credit_wallet_invalid_amount" time="0.267" /><testcase classname="tests.test_wallet.TestAdminCreditWallet" name="test_admin_credit_wallet_negative_amount" time="0.282" /><testcase classname="tests.test_wallet.TestWalletTransactionHistory" name="test_transaction_created_after_credit" time="0.280" /></testsuite></testsuites>